<?xml version="1.0" encoding="utf-8"?>
<testsuite package="org.checkstyle" time="0" tests="7" errors="4" name="checkstyle">
<testcase time="0" name="assignment4/Boat.java" classname="CheckStyle Issues">
<failure message="issues" ><![CDATA[line: 12 column: column:3 
Missing a Javadoc comment.
----------------
]]></failure>
</testcase><testcase time="0" name="assignment4/MemberRegistry.java" classname="CheckStyle Issues">
</testcase><testcase time="0" name="assignment4/Member.java" classname="CheckStyle Issues">
</testcase><testcase time="0" name="assignment4/App.java" classname="CheckStyle Issues">
</testcase><testcase time="0" name="assignment4/FileManager.java" classname="CheckStyle Issues">
<failure message="issues" ><![CDATA[line: 22 column: 
Javadoc tag '@param' should be preceded with an empty line.
----------------
line: 60 column: 
Javadoc tag '@param' should be preceded with an empty line.
----------------
]]></failure>
</testcase><testcase time="0" name="assignment4/BoatClubApp.java" classname="CheckStyle Issues">
<failure message="issues" ><![CDATA[line: 165 column: 
Javadoc tag '@param' should be preceded with an empty line.
----------------
]]></failure>
</testcase><testcase time="0" name="assignment4/BoatRegistry.java" classname="CheckStyle Issues">
</testcase></testsuite>