<?xml version="1.0" encoding="UTF-8"?>
<testsuite name="assignment4.AppTest" tests="1" skipped="0" failures="0" errors="0" timestamp="2024-06-28T11:30:44" hostname="Ooos-MacBook-Air.local" time="0.004">
  <properties/>
  <testcase name="appHasAGreeting()" classname="assignment4.AppTest" time="0.004"/>
  <system-out><![CDATA[]]></system-out>
  <system-err><![CDATA[]]></system-err>
</testsuite>
