<?xml version="1.0" encoding="UTF-8"?>
<testsuite name="CodeQualityTests" tests="1" skipped="0" failures="0" errors="0" timestamp="2024-06-28T11:30:44" hostname="Ooos-MacBook-Air.local" time="0.118">
  <properties/>
  <testcase name="codeQuality()" classname="CodeQualityTests" time="0.118"/>
  <system-out><![CDATA[1 CheckStyle Issues in /Users/oooooo/Documents/Coding/Java /Boatclub Branch RSVP Application/a4/assignment-4/app/src/main/java/assignment4/Boat.java
text:line: 12 column: column:3 
Missing a Javadoc comment.

0 CheckStyle Issues in /Users/oooooo/Documents/Coding/Java /Boatclub Branch RSVP Application/a4/assignment-4/app/src/main/java/assignment4/MemberRegistry.java
0 CheckStyle Issues in /Users/oooooo/Documents/Coding/Java /Boatclub Branch RSVP Application/a4/assignment-4/app/src/main/java/assignment4/Member.java
0 CheckStyle Issues in /Users/oooooo/Documents/Coding/Java /Boatclub Branch RSVP Application/a4/assignment-4/app/src/main/java/assignment4/App.java
2 CheckStyle Issues in /Users/oooooo/Documents/Coding/Java /Boatclub Branch RSVP Application/a4/assignment-4/app/src/main/java/assignment4/FileManager.java
text:line: 22 column: 
Javadoc tag '@param' should be preceded with an empty line.

text:line: 60 column: 
Javadoc tag '@param' should be preceded with an empty line.

1 CheckStyle Issues in /Users/oooooo/Documents/Coding/Java /Boatclub Branch RSVP Application/a4/assignment-4/app/src/main/java/assignment4/BoatClubApp.java
text:line: 165 column: 
Javadoc tag '@param' should be preceded with an empty line.

0 CheckStyle Issues in /Users/oooooo/Documents/Coding/Java /Boatclub Branch RSVP Application/a4/assignment-4/app/src/main/java/assignment4/BoatRegistry.java
]]></system-out>
  <system-err><![CDATA[]]></system-err>
</testsuite>
